[ 2016-09-07T15:02:39+08:00 ] 127.0.0.1 /liehuo/index.php/live/lucky_bag_subs/pub_id/63
INFO: [ app_init ] --START--
INFO: Run Behavior\BuildLiteBehavior [ RunTime:0.000000s ]
INFO: [ app_init ] --END-- [ RunTime:0.000000s ]
ERR: 非法操作:lucky_bag_subs

[ 2016-09-07T15:22:33+08:00 ] 127.0.0.1 /liehuo/index.php/live/fun_bag/p/1
INFO: [ app_init ] --START--
INFO: Run Behavior\BuildLiteBehavior [ RunTime:0.000000s ]
INFO: [ app_init ] --END-- [ RunTime:0.000000s ]

[ 2016-09-07T15:27:41+08:00 ] 127.0.0.1 /liehuo/index.php/live/fun_bag/p/1
INFO: [ app_init ] --START--
INFO: Run Behavior\BuildLiteBehavior [ RunTime:0.000000s ]
INFO: [ app_init ] --END-- [ RunTime:0.001000s ]

[ 2016-09-07T15:28:22+08:00 ] 127.0.0.1 /liehuo/index.php/activity/lucky_bags/p/1
INFO: [ app_init ] --START--
INFO: Run Behavior\BuildLiteBehavior [ RunTime:0.000000s ]
INFO: [ app_init ] --END-- [ RunTime:0.000000s ]

[ 2016-09-07T15:28:25+08:00 ] 127.0.0.1 /liehuo/index.php/live/fun_bag/p/1
INFO: [ app_init ] --START--
INFO: Run Behavior\BuildLiteBehavior [ RunTime:0.000000s ]
INFO: [ app_init ] --END-- [ RunTime:0.001000s ]

[ 2016-09-07T15:28:53+08:00 ] 127.0.0.1 /liehuo/index.php/live/fun_bag/p/1
INFO: [ app_init ] --START--
INFO: Run Behavior\BuildLiteBehavior [ RunTime:0.000000s ]
INFO: [ app_init ] --END-- [ RunTime:0.000000s ]

[ 2016-09-07T15:29:14+08:00 ] 127.0.0.1 /liehuo/index.php/live/fun_bag/p/1
INFO: [ app_init ] --START--
INFO: Run Behavior\BuildLiteBehavior [ RunTime:0.000000s ]
INFO: [ app_init ] --END-- [ RunTime:0.000000s ]

[ 2016-09-07T15:29:28+08:00 ] 127.0.0.1 /liehuo/index.php/live/fun_bag/p/1
INFO: [ app_init ] --START--
INFO: Run Behavior\BuildLiteBehavior [ RunTime:0.000000s ]
INFO: [ app_init ] --END-- [ RunTime:0.000000s ]

[ 2016-09-07T15:29:29+08:00 ] 127.0.0.1 /liehuo/index.php/live/fun_bag/p/1
INFO: [ app_init ] --START--
INFO: Run Behavior\BuildLiteBehavior [ RunTime:0.000000s ]
INFO: [ app_init ] --END-- [ RunTime:0.001000s ]

[ 2016-09-07T15:29:29+08:00 ] 127.0.0.1 /liehuo/index.php/live/fun_bag/p/1
INFO: [ app_init ] --START--
INFO: Run Behavior\BuildLiteBehavior [ RunTime:0.000000s ]
INFO: [ app_init ] --END-- [ RunTime:0.000000s ]

[ 2016-09-07T15:29:29+08:00 ] 127.0.0.1 /liehuo/index.php/live/fun_bag/p/1
INFO: [ app_init ] --START--
INFO: Run Behavior\BuildLiteBehavior [ RunTime:0.000000s ]
INFO: [ app_init ] --END-- [ RunTime:0.001000s ]

[ 2016-09-07T15:29:30+08:00 ] 127.0.0.1 /liehuo/index.php/live/fun_bag/p/1
INFO: [ app_init ] --START--
INFO: Run Behavior\BuildLiteBehavior [ RunTime:0.000000s ]
INFO: [ app_init ] --END-- [ RunTime:0.001000s ]

[ 2016-09-07T15:29:30+08:00 ] 127.0.0.1 /liehuo/index.php/live/fun_bag/p/1
INFO: [ app_init ] --START--
INFO: Run Behavior\BuildLiteBehavior [ RunTime:0.000000s ]
INFO: [ app_init ] --END-- [ RunTime:0.001000s ]

[ 2016-09-07T15:29:30+08:00 ] 127.0.0.1 /liehuo/index.php/live/fun_bag/p/1
INFO: [ app_init ] --START--
INFO: Run Behavior\BuildLiteBehavior [ RunTime:0.000000s ]
INFO: [ app_init ] --END-- [ RunTime:0.001000s ]

[ 2016-09-07T15:29:36+08:00 ] 127.0.0.1 /liehuo/index.php/live/fun_bag/p/1
INFO: [ app_init ] --START--
INFO: Run Behavior\BuildLiteBehavior [ RunTime:0.000000s ]
INFO: [ app_init ] --END-- [ RunTime:0.000000s ]

[ 2016-09-07T15:29:36+08:00 ] 127.0.0.1 /liehuo/index.php/live/fun_bag/p/1
INFO: [ app_init ] --START--
INFO: Run Behavior\BuildLiteBehavior [ RunTime:0.000000s ]
INFO: [ app_init ] --END-- [ RunTime:0.000000s ]

[ 2016-09-07T15:29:36+08:00 ] 127.0.0.1 /liehuo/index.php/live/fun_bag/p/1
INFO: [ app_init ] --START--
INFO: Run Behavior\BuildLiteBehavior [ RunTime:0.000000s ]
INFO: [ app_init ] --END-- [ RunTime:0.000000s ]

[ 2016-09-07T15:29:45+08:00 ] 127.0.0.1 /liehuo/index.php/live/fun_bag/p/1
INFO: [ app_init ] --START--
INFO: Run Behavior\BuildLiteBehavior [ RunTime:0.000000s ]
INFO: [ app_init ] --END-- [ RunTime:0.000000s ]

[ 2016-09-07T15:41:20+08:00 ] 127.0.0.1 /liehuo/index.php/live/fun_bagg
INFO: [ app_init ] --START--
INFO: Run Behavior\BuildLiteBehavior [ RunTime:0.000000s ]
INFO: [ app_init ] --END-- [ RunTime:0.000000s ]

[ 2016-09-07T15:42:27+08:00 ] 127.0.0.1 /liehuo/index.php/live/fun_bagg
INFO: [ app_init ] --START--
INFO: Run Behavior\BuildLiteBehavior [ RunTime:0.000000s ]
INFO: [ app_init ] --END-- [ RunTime:0.000000s ]

[ 2016-09-07T15:42:28+08:00 ] 127.0.0.1 /liehuo/index.php/live/fun_bagg
INFO: [ app_init ] --START--
INFO: Run Behavior\BuildLiteBehavior [ RunTime:0.000000s ]
INFO: [ app_init ] --END-- [ RunTime:0.000000s ]

[ 2016-09-07T15:42:28+08:00 ] 127.0.0.1 /liehuo/index.php/live/fun_bagg
INFO: [ app_init ] --START--
INFO: Run Behavior\BuildLiteBehavior [ RunTime:0.000000s ]
INFO: [ app_init ] --END-- [ RunTime:0.000000s ]

[ 2016-09-07T15:43:37+08:00 ] 127.0.0.1 /liehuo/index.php/live/fun_bagg
INFO: [ app_init ] --START--
INFO: Run Behavior\BuildLiteBehavior [ RunTime:0.000000s ]
INFO: [ app_init ] --END-- [ RunTime:0.001000s ]

[ 2016-09-07T15:43:38+08:00 ] 127.0.0.1 /liehuo/index.php/live/fun_bagg
INFO: [ app_init ] --START--
INFO: Run Behavior\BuildLiteBehavior [ RunTime:0.000000s ]
INFO: [ app_init ] --END-- [ RunTime:0.001000s ]

[ 2016-09-07T15:43:38+08:00 ] 127.0.0.1 /liehuo/index.php/live/fun_bagg
INFO: [ app_init ] --START--
INFO: Run Behavior\BuildLiteBehavior [ RunTime:0.000000s ]
INFO: [ app_init ] --END-- [ RunTime:0.000000s ]

[ 2016-09-07T15:43:39+08:00 ] 127.0.0.1 /liehuo/index.php/live/fun_bagg
INFO: [ app_init ] --START--
INFO: Run Behavior\BuildLiteBehavior [ RunTime:0.000000s ]
INFO: [ app_init ] --END-- [ RunTime:0.000000s ]

[ 2016-09-07T15:47:04+08:00 ] 127.0.0.1 /liehuo/index.php/live/fun_bagg
INFO: [ app_init ] --START--
INFO: Run Behavior\BuildLiteBehavior [ RunTime:0.000000s ]
INFO: [ app_init ] --END-- [ RunTime:0.000000s ]

[ 2016-09-07T15:47:18+08:00 ] 127.0.0.1 /liehuo/index.php/live/fun_bagg
INFO: [ app_init ] --START--
INFO: Run Behavior\BuildLiteBehavior [ RunTime:0.000000s ]
INFO: [ app_init ] --END-- [ RunTime:0.001000s ]

[ 2016-09-07T15:48:56+08:00 ] 127.0.0.1 /liehuo/index.php/live/fun_bagg
INFO: [ app_init ] --START--
INFO: Run Behavior\BuildLiteBehavior [ RunTime:0.000000s ]
INFO: [ app_init ] --END-- [ RunTime:0.000000s ]

[ 2016-09-07T15:49:04+08:00 ] 127.0.0.1 /liehuo/index.php/live/fun_bag/p/1
INFO: [ app_init ] --START--
INFO: Run Behavior\BuildLiteBehavior [ RunTime:0.000000s ]
INFO: [ app_init ] --END-- [ RunTime:0.001000s ]

[ 2016-09-07T15:49:21+08:00 ] 127.0.0.1 /liehuo/index.php/live/fun_bagg
INFO: [ app_init ] --START--
INFO: Run Behavior\BuildLiteBehavior [ RunTime:0.000000s ]
INFO: [ app_init ] --END-- [ RunTime:0.000000s ]

[ 2016-09-07T15:49:31+08:00 ] 127.0.0.1 /liehuo/index.php/live/fun_bagg
INFO: [ app_init ] --START--
INFO: Run Behavior\BuildLiteBehavior [ RunTime:0.000000s ]
INFO: [ app_init ] --END-- [ RunTime:0.001001s ]

[ 2016-09-07T15:49:49+08:00 ] 127.0.0.1 /liehuo/index.php/live/fun_bagg
INFO: [ app_init ] --START--
INFO: Run Behavior\BuildLiteBehavior [ RunTime:0.000000s ]
INFO: [ app_init ] --END-- [ RunTime:0.000000s ]

[ 2016-09-07T15:58:15+08:00 ] 127.0.0.1 /liehuo/index.php/live/fun_bagg
INFO: [ app_init ] --START--
INFO: Run Behavior\BuildLiteBehavior [ RunTime:0.000000s ]
INFO: [ app_init ] --END-- [ RunTime:0.000000s ]

[ 2016-09-07T16:00:28+08:00 ] 127.0.0.1 /liehuo/index.php/live/fun_bagg
INFO: [ app_init ] --START--
INFO: Run Behavior\BuildLiteBehavior [ RunTime:0.000000s ]
INFO: [ app_init ] --END-- [ RunTime:0.000000s ]

[ 2016-09-07T16:00:43+08:00 ] 127.0.0.1 /liehuo/index.php/live/fun_bagg
INFO: [ app_init ] --START--
INFO: Run Behavior\BuildLiteBehavior [ RunTime:0.000000s ]
INFO: [ app_init ] --END-- [ RunTime:0.000000s ]

[ 2016-09-07T16:00:58+08:00 ] 127.0.0.1 /liehuo/index.php/live/fun_bagg
INFO: [ app_init ] --START--
INFO: Run Behavior\BuildLiteBehavior [ RunTime:0.000000s ]
INFO: [ app_init ] --END-- [ RunTime:0.001000s ]

[ 2016-09-07T16:00:58+08:00 ] 127.0.0.1 /liehuo/index.php/live/fun_bagg
INFO: [ app_init ] --START--
INFO: Run Behavior\BuildLiteBehavior [ RunTime:0.000000s ]
INFO: [ app_init ] --END-- [ RunTime:0.000000s ]

[ 2016-09-07T16:00:58+08:00 ] 127.0.0.1 /liehuo/index.php/live/fun_bagg
INFO: [ app_init ] --START--
INFO: Run Behavior\BuildLiteBehavior [ RunTime:0.000000s ]
INFO: [ app_init ] --END-- [ RunTime:0.000000s ]

[ 2016-09-07T16:00:58+08:00 ] 127.0.0.1 /liehuo/index.php/live/fun_bagg
INFO: [ app_init ] --START--
INFO: Run Behavior\BuildLiteBehavior [ RunTime:0.000000s ]
INFO: [ app_init ] --END-- [ RunTime:0.000000s ]

[ 2016-09-07T16:00:58+08:00 ] 127.0.0.1 /liehuo/index.php/live/fun_bagg
INFO: [ app_init ] --START--
INFO: Run Behavior\BuildLiteBehavior [ RunTime:0.000000s ]
INFO: [ app_init ] --END-- [ RunTime:0.001001s ]

[ 2016-09-07T16:01:14+08:00 ] 127.0.0.1 /liehuo/index.php/live/fun_bagg
INFO: [ app_init ] --START--
INFO: Run Behavior\BuildLiteBehavior [ RunTime:0.000000s ]
INFO: [ app_init ] --END-- [ RunTime:0.001000s ]

[ 2016-09-07T16:01:14+08:00 ] 127.0.0.1 /liehuo/index.php/live/fun_bagg
INFO: [ app_init ] --START--
INFO: Run Behavior\BuildLiteBehavior [ RunTime:0.000000s ]
INFO: [ app_init ] --END-- [ RunTime:0.001000s ]

[ 2016-09-07T16:01:15+08:00 ] 127.0.0.1 /liehuo/index.php/live/fun_bagg
INFO: [ app_init ] --START--
INFO: Run Behavior\BuildLiteBehavior [ RunTime:0.000000s ]
INFO: [ app_init ] --END-- [ RunTime:0.000000s ]

[ 2016-09-07T16:01:42+08:00 ] 127.0.0.1 /liehuo/index.php/live/fun_bagg
INFO: [ app_init ] --START--
INFO: Run Behavior\BuildLiteBehavior [ RunTime:0.000000s ]
INFO: [ app_init ] --END-- [ RunTime:0.001000s ]

[ 2016-09-07T16:02:04+08:00 ] 127.0.0.1 /liehuo/index.php/live/lucky_bag_subs/pub_id/1
INFO: [ app_init ] --START--
INFO: Run Behavior\BuildLiteBehavior [ RunTime:0.000000s ]
INFO: [ app_init ] --END-- [ RunTime:0.000000s ]
ERR: 非法操作:lucky_bag_subs

[ 2016-09-07T16:13:04+08:00 ] 127.0.0.1 /liehuo/index.php/live/fun_bagg
INFO: [ app_init ] --START--
INFO: Run Behavior\BuildLiteBehavior [ RunTime:0.000000s ]
INFO: [ app_init ] --END-- [ RunTime:0.000000s ]

[ 2016-09-07T16:13:21+08:00 ] 127.0.0.1 /liehuo/index.php/live/fun_bagg
INFO: [ app_init ] --START--
INFO: Run Behavior\BuildLiteBehavior [ RunTime:0.000000s ]
INFO: [ app_init ] --END-- [ RunTime:0.000000s ]

[ 2016-09-07T16:13:39+08:00 ] 127.0.0.1 /liehuo/index.php/live/fun_bagg
INFO: [ app_init ] --START--
INFO: Run Behavior\BuildLiteBehavior [ RunTime:0.000000s ]
INFO: [ app_init ] --END-- [ RunTime:0.001000s ]

[ 2016-09-07T16:24:55+08:00 ] 127.0.0.1 /liehuo/index.php/activity/lucky_bags/p/2
INFO: [ app_init ] --START--
INFO: Run Behavior\BuildLiteBehavior [ RunTime:0.000000s ]
INFO: [ app_init ] --END-- [ RunTime:0.000000s ]

[ 2016-09-07T16:24:58+08:00 ] 127.0.0.1 /liehuo/index.php/activity/lucky_bags/p/1
INFO: [ app_init ] --START--
INFO: Run Behavior\BuildLiteBehavior [ RunTime:0.000000s ]
INFO: [ app_init ] --END-- [ RunTime:0.001000s ]

[ 2016-09-07T16:32:16+08:00 ] 127.0.0.1 /liehuo/index.php/live/fun_bagg
INFO: [ app_init ] --START--
INFO: Run Behavior\BuildLiteBehavior [ RunTime:0.000000s ]
INFO: [ app_init ] --END-- [ RunTime:0.001000s ]

[ 2016-09-07T16:32:31+08:00 ] 127.0.0.1 /liehuo/index.php/live/fun_bagg
INFO: [ app_init ] --START--
INFO: Run Behavior\BuildLiteBehavior [ RunTime:0.000000s ]
INFO: [ app_init ] --END-- [ RunTime:0.001000s ]

[ 2016-09-07T16:37:00+08:00 ] 127.0.0.1 /liehuo/index.php/live/fun_bagg
INFO: [ app_init ] --START--
INFO: Run Behavior\BuildLiteBehavior [ RunTime:0.000000s ]
INFO: [ app_init ] --END-- [ RunTime:0.000000s ]

[ 2016-09-07T16:37:51+08:00 ] 127.0.0.1 /liehuo/index.php/live/fun_bagg
INFO: [ app_init ] --START--
INFO: Run Behavior\BuildLiteBehavior [ RunTime:0.000000s ]
INFO: [ app_init ] --END-- [ RunTime:0.000000s ]

[ 2016-09-07T16:37:53+08:00 ] 127.0.0.1 /liehuo/index.php/live/fun_bagg
INFO: [ app_init ] --START--
INFO: Run Behavior\BuildLiteBehavior [ RunTime:0.000000s ]
INFO: [ app_init ] --END-- [ RunTime:0.000000s ]

[ 2016-09-07T16:37:53+08:00 ] 127.0.0.1 /liehuo/index.php/live/fun_bagg
INFO: [ app_init ] --START--
INFO: Run Behavior\BuildLiteBehavior [ RunTime:0.000000s ]
INFO: [ app_init ] --END-- [ RunTime:0.000000s ]

[ 2016-09-07T16:37:53+08:00 ] 127.0.0.1 /liehuo/index.php/live/fun_bagg
INFO: [ app_init ] --START--
INFO: Run Behavior\BuildLiteBehavior [ RunTime:0.000000s ]
INFO: [ app_init ] --END-- [ RunTime:0.000000s ]

[ 2016-09-07T16:37:53+08:00 ] 127.0.0.1 /liehuo/index.php/live/fun_bagg
INFO: [ app_init ] --START--
INFO: Run Behavior\BuildLiteBehavior [ RunTime:0.000000s ]
INFO: [ app_init ] --END-- [ RunTime:0.000000s ]

[ 2016-09-07T16:37:59+08:00 ] 127.0.0.1 /liehuo/index.php/live/fun_bagg
INFO: [ app_init ] --START--
INFO: Run Behavior\BuildLiteBehavior [ RunTime:0.000000s ]
INFO: [ app_init ] --END-- [ RunTime:0.001000s ]

[ 2016-09-07T16:38:17+08:00 ] 127.0.0.1 /liehuo/index.php/live/fun_bagg
INFO: [ app_init ] --START--
INFO: Run Behavior\BuildLiteBehavior [ RunTime:0.000000s ]
INFO: [ app_init ] --END-- [ RunTime:0.000000s ]

[ 2016-09-07T16:38:40+08:00 ] 127.0.0.1 /liehuo/index.php/live/fun_bagg
INFO: [ app_init ] --START--
INFO: Run Behavior\BuildLiteBehavior [ RunTime:0.000000s ]
INFO: [ app_init ] --END-- [ RunTime:0.001000s ]

[ 2016-09-07T16:40:08+08:00 ] 127.0.0.1 /liehuo/index.php/live/fun_bagg
INFO: [ app_init ] --START--
INFO: Run Behavior\BuildLiteBehavior [ RunTime:0.000000s ]
INFO: [ app_init ] --END-- [ RunTime:0.000000s ]

[ 2016-09-07T16:40:55+08:00 ] 127.0.0.1 /liehuo/index.php/live/fun_bagg
INFO: [ app_init ] --START--
INFO: Run Behavior\BuildLiteBehavior [ RunTime:0.000000s ]
INFO: [ app_init ] --END-- [ RunTime:0.000000s ]

[ 2016-09-07T16:41:03+08:00 ] 127.0.0.1 /liehuo/index.php/live/fun_bagg
INFO: [ app_init ] --START--
INFO: Run Behavior\BuildLiteBehavior [ RunTime:0.000000s ]
INFO: [ app_init ] --END-- [ RunTime:0.001000s ]

[ 2016-09-07T16:41:03+08:00 ] 127.0.0.1 /liehuo/index.php/live/fun_bagg
INFO: [ app_init ] --START--
INFO: Run Behavior\BuildLiteBehavior [ RunTime:0.000000s ]
INFO: [ app_init ] --END-- [ RunTime:0.000000s ]

[ 2016-09-07T16:41:04+08:00 ] 127.0.0.1 /liehuo/index.php/live/fun_bagg
INFO: [ app_init ] --START--
INFO: Run Behavior\BuildLiteBehavior [ RunTime:0.000000s ]
INFO: [ app_init ] --END-- [ RunTime:0.000000s ]

[ 2016-09-07T16:41:13+08:00 ] 127.0.0.1 /liehuo/index.php/live/fun_bagg
INFO: [ app_init ] --START--
INFO: Run Behavior\BuildLiteBehavior [ RunTime:0.000000s ]
INFO: [ app_init ] --END-- [ RunTime:0.001000s ]

[ 2016-09-07T16:41:51+08:00 ] 127.0.0.1 /liehuo/index.php/live/fun_bagg
INFO: [ app_init ] --START--
INFO: Run Behavior\BuildLiteBehavior [ RunTime:0.000000s ]
INFO: [ app_init ] --END-- [ RunTime:0.000000s ]

[ 2016-09-07T16:42:49+08:00 ] 127.0.0.1 /liehuo/index.php/live/fun_bagg
INFO: [ app_init ] --START--
INFO: Run Behavior\BuildLiteBehavior [ RunTime:0.000000s ]
INFO: [ app_init ] --END-- [ RunTime:0.001000s ]

[ 2016-09-07T16:44:00+08:00 ] 127.0.0.1 /liehuo/index.php/live/fun_bagg
INFO: [ app_init ] --START--
INFO: Run Behavior\BuildLiteBehavior [ RunTime:0.000000s ]
INFO: [ app_init ] --END-- [ RunTime:0.000000s ]

[ 2016-09-07T16:44:22+08:00 ] 127.0.0.1 /liehuo/index.php/live/fun_bagg
INFO: [ app_init ] --START--
INFO: Run Behavior\BuildLiteBehavior [ RunTime:0.000000s ]
INFO: [ app_init ] --END-- [ RunTime:0.001000s ]

[ 2016-09-07T16:44:33+08:00 ] 127.0.0.1 /liehuo/index.php/live/fun_bagg
INFO: [ app_init ] --START--
INFO: Run Behavior\BuildLiteBehavior [ RunTime:0.000000s ]
INFO: [ app_init ] --END-- [ RunTime:0.000000s ]

[ 2016-09-07T16:44:45+08:00 ] 127.0.0.1 /liehuo/index.php/live/fun_bagg
INFO: [ app_init ] --START--
INFO: Run Behavior\BuildLiteBehavior [ RunTime:0.000000s ]
INFO: [ app_init ] --END-- [ RunTime:0.000000s ]

[ 2016-09-07T16:46:43+08:00 ] 127.0.0.1 /liehuo/index.php/live/fun_bagg
INFO: [ app_init ] --START--
INFO: Run Behavior\BuildLiteBehavior [ RunTime:0.000000s ]
INFO: [ app_init ] --END-- [ RunTime:0.000000s ]

[ 2016-09-07T16:47:21+08:00 ] 127.0.0.1 /liehuo/index.php/live/fun_bagg
INFO: [ app_init ] --START--
INFO: Run Behavior\BuildLiteBehavior [ RunTime:0.000000s ]
INFO: [ app_init ] --END-- [ RunTime:0.001000s ]

[ 2016-09-07T16:48:37+08:00 ] 127.0.0.1 /liehuo/index.php/live/fun_bagg
INFO: [ app_init ] --START--
INFO: Run Behavior\BuildLiteBehavior [ RunTime:0.000000s ]
INFO: [ app_init ] --END-- [ RunTime:0.000000s ]

[ 2016-09-07T16:48:50+08:00 ] 127.0.0.1 /liehuo/index.php/live/fun_bagg
INFO: [ app_init ] --START--
INFO: Run Behavior\BuildLiteBehavior [ RunTime:0.000000s ]
INFO: [ app_init ] --END-- [ RunTime:0.000000s ]

[ 2016-09-07T16:49:27+08:00 ] 127.0.0.1 /liehuo/index.php/live/fun_bagg
INFO: [ app_init ] --START--
INFO: Run Behavior\BuildLiteBehavior [ RunTime:0.000000s ]
INFO: [ app_init ] --END-- [ RunTime:0.000000s ]

[ 2016-09-07T16:54:43+08:00 ] 127.0.0.1 /liehuo/index.php/live/fun_bagg
INFO: [ app_init ] --START--
INFO: Run Behavior\BuildLiteBehavior [ RunTime:0.000000s ]
INFO: [ app_init ] --END-- [ RunTime:0.000000s ]

[ 2016-09-07T16:55:24+08:00 ] 127.0.0.1 /liehuo/index.php/live/fun_bagg
INFO: [ app_init ] --START--
INFO: Run Behavior\BuildLiteBehavior [ RunTime:0.000000s ]
INFO: [ app_init ] --END-- [ RunTime:0.000000s ]

[ 2016-09-07T16:56:40+08:00 ] 127.0.0.1 /liehuo/index.php/live/fun_bagg
INFO: [ app_init ] --START--
INFO: Run Behavior\BuildLiteBehavior [ RunTime:0.000000s ]
INFO: [ app_init ] --END-- [ RunTime:0.000000s ]

[ 2016-09-07T17:03:34+08:00 ] 127.0.0.1 /liehuo/index.php/live/fun_bagg
INFO: [ app_init ] --START--
INFO: Run Behavior\BuildLiteBehavior [ RunTime:0.000000s ]
INFO: [ app_init ] --END-- [ RunTime:0.000000s ]

[ 2016-09-07T17:04:10+08:00 ] 127.0.0.1 /liehuo/index.php/live/fun_bagg
INFO: [ app_init ] --START--
INFO: Run Behavior\BuildLiteBehavior [ RunTime:0.000000s ]
INFO: [ app_init ] --END-- [ RunTime:0.000000s ]

[ 2016-09-07T17:05:19+08:00 ] 127.0.0.1 /liehuo/index.php/live/fun_bagg
INFO: [ app_init ] --START--
INFO: Run Behavior\BuildLiteBehavior [ RunTime:0.000000s ]
INFO: [ app_init ] --END-- [ RunTime:0.001000s ]

[ 2016-09-07T17:06:07+08:00 ] 127.0.0.1 /liehuo/index.php/live/fun_bagg
INFO: [ app_init ] --START--
INFO: Run Behavior\BuildLiteBehavior [ RunTime:0.000000s ]
INFO: [ app_init ] --END-- [ RunTime:0.000000s ]

[ 2016-09-07T17:06:30+08:00 ] 127.0.0.1 /liehuo/index.php/live/fun_bag/p/1
INFO: [ app_init ] --START--
INFO: Run Behavior\BuildLiteBehavior [ RunTime:0.000000s ]
INFO: [ app_init ] --END-- [ RunTime:0.001000s ]

[ 2016-09-07T17:06:39+08:00 ] 127.0.0.1 /liehuo/index.php/live/fun_bag/p/1
INFO: [ app_init ] --START--
INFO: Run Behavior\BuildLiteBehavior [ RunTime:0.000000s ]
INFO: [ app_init ] --END-- [ RunTime:0.001000s ]

[ 2016-09-07T17:06:51+08:00 ] 127.0.0.1 /liehuo/index.php/live/fun_bag/p/1
INFO: [ app_init ] --START--
INFO: Run Behavior\BuildLiteBehavior [ RunTime:0.000000s ]
INFO: [ app_init ] --END-- [ RunTime:0.000000s ]

[ 2016-09-07T17:07:06+08:00 ] 127.0.0.1 /liehuo/index.php/live/fun_bagg
INFO: [ app_init ] --START--
INFO: Run Behavior\BuildLiteBehavior [ RunTime:0.000000s ]
INFO: [ app_init ] --END-- [ RunTime:0.000000s ]

[ 2016-09-07T17:07:29+08:00 ] 127.0.0.1 /liehuo/index.php/live/fun_bagg
INFO: [ app_init ] --START--
INFO: Run Behavior\BuildLiteBehavior [ RunTime:0.000000s ]
INFO: [ app_init ] --END-- [ RunTime:0.000000s ]

[ 2016-09-07T17:08:26+08:00 ] 127.0.0.1 /liehuo/index.php/live/fun_bagg
INFO: [ app_init ] --START--
INFO: Run Behavior\BuildLiteBehavior [ RunTime:0.000000s ]
INFO: [ app_init ] --END-- [ RunTime:0.000000s ]

[ 2016-09-07T17:11:38+08:00 ] 127.0.0.1 /liehuo/index.php/live/fun_bagg
INFO: [ app_init ] --START--
INFO: Run Behavior\BuildLiteBehavior [ RunTime:0.000000s ]
INFO: [ app_init ] --END-- [ RunTime:0.000000s ]

[ 2016-09-07T17:11:52+08:00 ] 127.0.0.1 /liehuo/index.php/live/fun_bagg
INFO: [ app_init ] --START--
INFO: Run Behavior\BuildLiteBehavior [ RunTime:0.000000s ]
INFO: [ app_init ] --END-- [ RunTime:0.000000s ]

[ 2016-09-07T17:13:55+08:00 ] 127.0.0.1 /liehuo/index.php/live/fun_bagg
INFO: [ app_init ] --START--
INFO: Run Behavior\BuildLiteBehavior [ RunTime:0.000000s ]
INFO: [ app_init ] --END-- [ RunTime:0.000000s ]

[ 2016-09-07T17:18:22+08:00 ] 127.0.0.1 /liehuo/index.php/activity/lucky_bag_subs/pub_id/63
INFO: [ app_init ] --START--
INFO: Run Behavior\BuildLiteBehavior [ RunTime:0.000000s ]
INFO: [ app_init ] --END-- [ RunTime:0.001000s ]

[ 2016-09-07T17:21:56+08:00 ] 127.0.0.1 /liehuo/index.php/live/fun_bagg
INFO: [ app_init ] --START--
INFO: Run Behavior\BuildLiteBehavior [ RunTime:0.000000s ]
INFO: [ app_init ] --END-- [ RunTime:0.000000s ]

[ 2016-09-07T17:22:04+08:00 ] 127.0.0.1 /liehuo/index.php/live/fun_bagg
INFO: [ app_init ] --START--
INFO: Run Behavior\BuildLiteBehavior [ RunTime:0.000000s ]
INFO: [ app_init ] --END-- [ RunTime:0.001000s ]

[ 2016-09-07T17:22:20+08:00 ] 127.0.0.1 /liehuo/index.php/live/fun_bagg
INFO: [ app_init ] --START--
INFO: Run Behavior\BuildLiteBehavior [ RunTime:0.000000s ]
INFO: [ app_init ] --END-- [ RunTime:0.000000s ]

[ 2016-09-07T17:22:28+08:00 ] 127.0.0.1 /liehuo/index.php/live/fun_bagg
INFO: [ app_init ] --START--
INFO: Run Behavior\BuildLiteBehavior [ RunTime:0.000000s ]
INFO: [ app_init ] --END-- [ RunTime:0.001000s ]

